                                 Started job on |	Jun 09 20:06:20
                             Started mapping on |	Jun 09 20:06:46
                                    Finished on |	Jun 09 20:06:47
       Mapping speed, Million of reads per hour |	32.40

                          Number of input reads |	9000
                      Average input read length |	100
                                    UNIQUE READS:
                   Uniquely mapped reads number |	451
                        Uniquely mapped reads % |	5.01%
                          Average mapped length |	99.98
                       Number of splices: Total |	474
            Number of splices: Annotated (sjdb) |	474
                       Number of splices: GT/AG |	217
                       Number of splices: GC/AG |	0
                       Number of splices: AT/AC |	0
               Number of splices: Non-canonical |	257
                      Mismatch rate per base, % |	0.00%
                         Deletion rate per base |	0.00%
                        Deletion average length |	0.00
                        Insertion rate per base |	0.00%
                       Insertion average length |	0.00
                             MULTI-MAPPING READS:
        Number of reads mapped to multiple loci |	8549
             % of reads mapped to multiple loci |	94.99%
        Number of reads mapped to too many loci |	0
             % of reads mapped to too many loci |	0.00%
                                  UNMAPPED READS:
       % of reads unmapped: too many mismatches |	0.00%
                 % of reads unmapped: too short |	0.00%
                     % of reads unmapped: other |	0.00%
                                  CHIMERIC READS:
                       Number of chimeric reads |	0
                            % of chimeric reads |	0.00%
