                                 Started job on |	Jun 09 20:31:12
                             Started mapping on |	Jun 09 20:31:37
                                    Finished on |	Jun 09 20:31:40
       Mapping speed, Million of reads per hour |	10.80

                          Number of input reads |	9000
                      Average input read length |	100
                                    UNIQUE READS:
                   Uniquely mapped reads number |	103
                        Uniquely mapped reads % |	1.14%
                          Average mapped length |	100.00
                       Number of splices: Total |	103
            Number of splices: Annotated (sjdb) |	103
                       Number of splices: GT/AG |	103
                       Number of splices: GC/AG |	0
                       Number of splices: AT/AC |	0
               Number of splices: Non-canonical |	0
                      Mismatch rate per base, % |	0.00%
                         Deletion rate per base |	0.00%
                        Deletion average length |	0.00
                        Insertion rate per base |	0.00%
                       Insertion average length |	0.00
                             MULTI-MAPPING READS:
        Number of reads mapped to multiple loci |	8897
             % of reads mapped to multiple loci |	98.86%
        Number of reads mapped to too many loci |	0
             % of reads mapped to too many loci |	0.00%
                                  UNMAPPED READS:
       % of reads unmapped: too many mismatches |	0.00%
                 % of reads unmapped: too short |	0.00%
                     % of reads unmapped: other |	0.00%
                                  CHIMERIC READS:
                       Number of chimeric reads |	0
                            % of chimeric reads |	0.00%
