                                 Started job on |	Jun 09 20:30:44
                             Started mapping on |	Jun 09 20:31:09
                                    Finished on |	Jun 09 20:31:12
       Mapping speed, Million of reads per hour |	10.80

                          Number of input reads |	9000
                      Average input read length |	100
                                    UNIQUE READS:
                   Uniquely mapped reads number |	84
                        Uniquely mapped reads % |	0.93%
                          Average mapped length |	100.00
                       Number of splices: Total |	84
            Number of splices: Annotated (sjdb) |	84
                       Number of splices: GT/AG |	84
                       Number of splices: GC/AG |	0
                       Number of splices: AT/AC |	0
               Number of splices: Non-canonical |	0
                      Mismatch rate per base, % |	0.00%
                         Deletion rate per base |	0.00%
                        Deletion average length |	0.00
                        Insertion rate per base |	0.00%
                       Insertion average length |	0.00
                             MULTI-MAPPING READS:
        Number of reads mapped to multiple loci |	8916
             % of reads mapped to multiple loci |	99.07%
        Number of reads mapped to too many loci |	0
             % of reads mapped to too many loci |	0.00%
                                  UNMAPPED READS:
       % of reads unmapped: too many mismatches |	0.00%
                 % of reads unmapped: too short |	0.00%
                     % of reads unmapped: other |	0.00%
                                  CHIMERIC READS:
                       Number of chimeric reads |	0
                            % of chimeric reads |	0.00%
