                                 Started job on |	Jun 09 21:03:02
                             Started mapping on |	Jun 09 21:03:29
                                    Finished on |	Jun 09 21:03:30
       Mapping speed, Million of reads per hour |	32.40

                          Number of input reads |	9000
                      Average input read length |	100
                                    UNIQUE READS:
                   Uniquely mapped reads number |	8978
                        Uniquely mapped reads % |	99.76%
                          Average mapped length |	99.98
                       Number of splices: Total |	6113
            Number of splices: Annotated (sjdb) |	6113
                       Number of splices: GT/AG |	6113
                       Number of splices: GC/AG |	0
                       Number of splices: AT/AC |	0
               Number of splices: Non-canonical |	0
                      Mismatch rate per base, % |	0.00%
                         Deletion rate per base |	0.00%
                        Deletion average length |	0.00
                        Insertion rate per base |	0.00%
                       Insertion average length |	0.00
                             MULTI-MAPPING READS:
        Number of reads mapped to multiple loci |	22
             % of reads mapped to multiple loci |	0.24%
        Number of reads mapped to too many loci |	0
             % of reads mapped to too many loci |	0.00%
                                  UNMAPPED READS:
       % of reads unmapped: too many mismatches |	0.00%
                 % of reads unmapped: too short |	0.00%
                     % of reads unmapped: other |	0.00%
                                  CHIMERIC READS:
                       Number of chimeric reads |	0
                            % of chimeric reads |	0.00%
