                                 Started job on |	Jun 09 21:06:58
                             Started mapping on |	Jun 09 21:07:24
                                    Finished on |	Jun 09 21:07:24
       Mapping speed, Million of reads per hour |	inf

                          Number of input reads |	9000
                      Average input read length |	100
                                    UNIQUE READS:
                   Uniquely mapped reads number |	8991
                        Uniquely mapped reads % |	99.90%
                          Average mapped length |	99.99
                       Number of splices: Total |	1418
            Number of splices: Annotated (sjdb) |	1418
                       Number of splices: GT/AG |	1228
                       Number of splices: GC/AG |	190
                       Number of splices: AT/AC |	0
               Number of splices: Non-canonical |	0
                      Mismatch rate per base, % |	0.00%
                         Deletion rate per base |	0.00%
                        Deletion average length |	0.00
                        Insertion rate per base |	0.00%
                       Insertion average length |	0.00
                             MULTI-MAPPING READS:
        Number of reads mapped to multiple loci |	9
             % of reads mapped to multiple loci |	0.10%
        Number of reads mapped to too many loci |	0
             % of reads mapped to too many loci |	0.00%
                                  UNMAPPED READS:
       % of reads unmapped: too many mismatches |	0.00%
                 % of reads unmapped: too short |	0.00%
                     % of reads unmapped: other |	0.00%
                                  CHIMERIC READS:
                       Number of chimeric reads |	0
                            % of chimeric reads |	0.00%
