                                 Started job on |	Jun 09 20:35:36
                             Started mapping on |	Jun 09 20:36:02
                                    Finished on |	Jun 09 20:36:03
       Mapping speed, Million of reads per hour |	32.40

                          Number of input reads |	9000
                      Average input read length |	100
                                    UNIQUE READS:
                   Uniquely mapped reads number |	1645
                        Uniquely mapped reads % |	18.28%
                          Average mapped length |	99.98
                       Number of splices: Total |	1810
            Number of splices: Annotated (sjdb) |	1810
                       Number of splices: GT/AG |	0
                       Number of splices: GC/AG |	0
                       Number of splices: AT/AC |	0
               Number of splices: Non-canonical |	1810
                      Mismatch rate per base, % |	0.00%
                         Deletion rate per base |	0.00%
                        Deletion average length |	0.00
                        Insertion rate per base |	0.00%
                       Insertion average length |	0.00
                             MULTI-MAPPING READS:
        Number of reads mapped to multiple loci |	7355
             % of reads mapped to multiple loci |	81.72%
        Number of reads mapped to too many loci |	0
             % of reads mapped to too many loci |	0.00%
                                  UNMAPPED READS:
       % of reads unmapped: too many mismatches |	0.00%
                 % of reads unmapped: too short |	0.00%
                     % of reads unmapped: other |	0.00%
                                  CHIMERIC READS:
                       Number of chimeric reads |	0
                            % of chimeric reads |	0.00%
