                                 Started job on |	Jun 09 20:19:48
                             Started mapping on |	Jun 09 20:20:14
                                    Finished on |	Jun 09 20:20:15
       Mapping speed, Million of reads per hour |	32.40

                          Number of input reads |	9000
                      Average input read length |	100
                                    UNIQUE READS:
                   Uniquely mapped reads number |	8998
                        Uniquely mapped reads % |	99.98%
                          Average mapped length |	99.99
                       Number of splices: Total |	1833
            Number of splices: Annotated (sjdb) |	1833
                       Number of splices: GT/AG |	1196
                       Number of splices: GC/AG |	105
                       Number of splices: AT/AC |	95
               Number of splices: Non-canonical |	437
                      Mismatch rate per base, % |	0.00%
                         Deletion rate per base |	0.00%
                        Deletion average length |	0.00
                        Insertion rate per base |	0.00%
                       Insertion average length |	0.00
                             MULTI-MAPPING READS:
        Number of reads mapped to multiple loci |	2
             % of reads mapped to multiple loci |	0.02%
        Number of reads mapped to too many loci |	0
             % of reads mapped to too many loci |	0.00%
                                  UNMAPPED READS:
       % of reads unmapped: too many mismatches |	0.00%
                 % of reads unmapped: too short |	0.00%
                     % of reads unmapped: other |	0.00%
                                  CHIMERIC READS:
                       Number of chimeric reads |	0
                            % of chimeric reads |	0.00%
